[Utils::createListenFd] port = 8888
[Utils::createListenFd] create listen socket success, fd = 3
[HttpRequest::HttpRequest] fd = 3
[HttpServer::HttpServer] create listen socket, fd = 3, port = 8888
[Epoll::add] fd = 3
[HttpServer::run] server is running ...
[HttpServer::__acceptConnection] new connection is comming
[Utils::setNonBlocking] set socket(fd=5) to nonblocking success and return 0
[HttpRequest::HttpRequest] fd = 5
[Epoll::add] fd = 5
[HttpServer::__acceptConnection] there is not more new connection
[HttpServer::__doRequest] something happen in socket(fd=5)
[HttpRequest::read] read from socket(fd=5), return 599
[HttpRequest::parseRequest] find CRLF of request line
[HttpRequest::__parseRequestLine] begin to parse request line
[HttpRequest::__setMethod] method is GET
[HttpRequest::parseRequest] parsing request line finish
[HttpRequest::parseRequest] find CRLF of request header
[HttpRequest::parseRequest] find : of request header
[HttpRequest::__addHeader] new header: Host = 192.168.1.107:8888
[HttpRequest::parseRequest] find CRLF of request header
[HttpRequest::parseRequest] find : of request header
[HttpRequest::__addHeader] new header: Connection = keep-alive
[HttpRequest::parseRequest] find CRLF of request header
[HttpRequest::parseRequest] find : of request header
[HttpRequest::__addHeader] new header: Upgrade-Insecure-Requests = 1
[HttpRequest::parseRequest] find CRLF of request header
[HttpRequest::parseRequest] find : of request header
[HttpRequest::__addHeader] new header: User-Agent = Mozilla/5.0 (Linux; U; Android 8.1.0; zh-CN; MI PLAY Build/O11019) AppleWebKit/537.36 (KHTML, like Gecko) Version/4.0 Chrome/57.0.2987.108 UCBrowser/12.2.9.1009 Mobile Safari/537.36
[HttpRequest::parseRequest] find CRLF of request header
[HttpRequest::parseRequest] find : of request header
[HttpRequest::__addHeader] new header: Accept = text/html,application/xhtml+xml,application/xml;q=0.9,image/webp,*/*;q=0.8
[HttpRequest::parseRequest] find CRLF of request header
[HttpRequest::parseRequest] find : of request header
[HttpRequest::__addHeader] new header: Accept-Encoding = gzip, deflate
[HttpRequest::parseRequest] find CRLF of request header
[HttpRequest::parseRequest] find : of request header
[HttpRequest::__addHeader] new header: Accept-Language = zh-CN,en-US;q=0.8
[HttpRequest::parseRequest] find CRLF of request header
[HttpRequest::parseRequest] find : of request header
[HttpRequest::__addHeader] new header: X-UCBrowser-UA = dv(MI PLAY);pr(UCBrowser/12.2.9.1009);ov(Android 8.1.0);ss(392*829);pi(1080*2280);bt(YZ);pm(1);bv(1);nm(0);im(0);sr(0);nt(2);
[HttpRequest::parseRequest] find CRLF of request header
[HttpRequest::parseRequest] can't find colon of request header, header parsing finish
[HttpServer::__doRequest] parsing is finish in socket(fd=5), send response to it
[HttpRequest::doStaticRequest] 1147 bytes to write, return 1147
[HttpServer::__doRequest] socket(fd=5) is keep alive, reset its parsing status
[HttpRequest::read] read from socket(fd=5), return -1
[HttpServer::__doRequest] EAGAIN happen in socket(fd=5)
[HttpServer::__doRequest] modify socket(fd=5) to epoll
[Epoll::mod] fd = 5
[HttpServer::__acceptConnection] new connection is comming
[Utils::setNonBlocking] set socket(fd=6) to nonblocking success and return 0
[HttpRequest::HttpRequest] fd = 6
[Epoll::add] fd = 6
[HttpServer::__acceptConnection] there is not more new connection
[HttpServer::__acceptConnection] new connection is comming
[Utils::setNonBlocking] set socket(fd=7) to nonblocking success and return 0
[HttpRequest::HttpRequest] fd = 7
[Epoll::add] fd = 7
[HttpServer::__acceptConnection] there is not more new connection
[HttpServer::__acceptConnection] new connection is comming
[Utils::setNonBlocking] set socket(fd=8) to nonblocking success and return 0
[HttpRequest::HttpRequest] fd = 8
[Epoll::add] fd = 8
[HttpServer::__acceptConnection] there is not more new connection
[HttpServer::__acceptConnection] new connection is comming
[Utils::setNonBlocking] set socket(fd=9) to nonblocking success and return 0
[HttpRequest::HttpRequest] fd = 9
[Epoll::add] fd = 9
[HttpServer::__acceptConnection] there is not more new connection
[HttpServer::__doRequest] something happen in socket(fd=6)
[HttpRequest::read] read from socket(fd=6), return 0
[HttpServer::__doRequest] client(fd=6) is close
[HttpRequest::~HttpRequest] close socket(fd=6)
[HttpServer::__closeConnection] close connection(fd=6)
[HttpServer::__doRequest] something happen in socket(fd=7)
[HttpRequest::read] read from socket(fd=7), return 0
[HttpServer::__doRequest] client(fd=7) is close
[HttpRequest::~HttpRequest] close socket(fd=7)
[HttpServer::__closeConnection] close connection(fd=7)
[HttpServer::__doRequest] something happen in socket(fd=8)
[HttpRequest::read] read from socket(fd=8), return 0
[HttpServer::__doRequest] client(fd=8) is close
[HttpRequest::~HttpRequest] close socket(fd=8)
[HttpServer::__closeConnection] close connection(fd=8)
[HttpServer::__doRequest] something happen in socket(fd=9)
[HttpRequest::read] read from socket(fd=9), return 0
[HttpServer::__doRequest] client(fd=9) is close
[HttpRequest::~HttpRequest] close socket(fd=9)
[HttpServer::__closeConnection] close connection(fd=9)
[HttpServer::__doRequest] something happen in socket(fd=5)
[HttpRequest::read] read from socket(fd=5), return 599
[HttpRequest::parseRequest] find CRLF of request line
[HttpRequest::__parseRequestLine] begin to parse request line
[HttpRequest::__setMethod] method is GET
[HttpRequest::parseRequest] parsing request line finish
[HttpRequest::parseRequest] find CRLF of request header
[HttpRequest::parseRequest] find : of request header
[HttpRequest::__addHeader] new header: Host = 192.168.1.107:8888
[HttpRequest::parseRequest] find CRLF of request header
[HttpRequest::parseRequest] find : of request header
[HttpRequest::__addHeader] new header: Connection = keep-alive
[HttpRequest::parseRequest] find CRLF of request header
[HttpRequest::parseRequest] find : of request header
[HttpRequest::__addHeader] new header: Upgrade-Insecure-Requests = 1
[HttpRequest::parseRequest] find CRLF of request header
[HttpRequest::parseRequest] find : of request header
[HttpRequest::__addHeader] new header: User-Agent = Mozilla/5.0 (Linux; U; Android 8.1.0; zh-CN; MI PLAY Build/O11019) AppleWebKit/537.36 (KHTML, like Gecko) Version/4.0 Chrome/57.0.2987.108 UCBrowser/12.2.9.1009 Mobile Safari/537.36
[HttpRequest::parseRequest] find CRLF of request header
[HttpRequest::parseRequest] find : of request header
[HttpRequest::__addHeader] new header: Accept = text/html,application/xhtml+xml,application/xml;q=0.9,image/webp,*/*;q=0.8
[HttpRequest::parseRequest] find CRLF of request header
[HttpRequest::parseRequest] find : of request header
[HttpRequest::__addHeader] new header: Accept-Encoding = gzip, deflate
[HttpRequest::parseRequest] find CRLF of request header
[HttpRequest::parseRequest] find : of request header
[HttpRequest::__addHeader] new header: Accept-Language = zh-CN,en-US;q=0.8
[HttpRequest::parseRequest] find CRLF of request header
[HttpRequest::parseRequest] find : of request header
[HttpRequest::__addHeader] new header: X-UCBrowser-UA = dv(MI PLAY);pr(UCBrowser/12.2.9.1009);ov(Android 8.1.0);ss(392*829);pi(1080*2280);bt(YZ);pm(1);bv(1);nm(0);im(0);sr(0);nt(2);
[HttpRequest::parseRequest] find CRLF of request header
[HttpRequest::parseRequest] can't find colon of request header, header parsing finish
[HttpServer::__doRequest] parsing is finish in socket(fd=5), send response to it
[HttpRequest::doStaticRequest] 15674 bytes to write, return 15674
[HttpServer::__doRequest] socket(fd=5) is keep alive, reset its parsing status
[HttpRequest::read] read from socket(fd=5), return -1
[HttpServer::__doRequest] EAGAIN happen in socket(fd=5)
[HttpServer::__doRequest] modify socket(fd=5) to epoll
[Epoll::mod] fd = 5
[HttpServer::__acceptConnection] new connection is comming
[Utils::setNonBlocking] set socket(fd=6) to nonblocking success and return 0
[HttpRequest::HttpRequest] fd = 6
[Epoll::add] fd = 6
[HttpServer::__acceptConnection] new connection is comming
[Utils::setNonBlocking] set socket(fd=7) to nonblocking success and return 0
[HttpRequest::HttpRequest] fd = 7
[Epoll::add] fd = 7
[HttpServer::__acceptConnection] new connection is comming
[Utils::setNonBlocking] set socket(fd=8) to nonblocking success and return 0
[HttpRequest::HttpRequest] fd = 8
[Epoll::add] fd = 8
[HttpServer::__acceptConnection] there is not more new connection
[HttpServer::__doRequest] something happen in socket(fd=6)
[HttpRequest::read] read from socket(fd=6), return 0
[HttpServer::__doRequest] client(fd=6) is close
[HttpRequest::~HttpRequest] close socket(fd=6)
[HttpServer::__closeConnection] close connection(fd=6)
[HttpServer::__doRequest] something happen in socket(fd=7)
[HttpRequest::read] read from socket(fd=7), return 0
[HttpServer::__doRequest] client(fd=7) is close
[HttpRequest::~HttpRequest] close socket(fd=7)
[HttpServer::__closeConnection] close connection(fd=7)
[HttpServer::__doRequest] something happen in socket(fd=8)
[HttpRequest::read] read from socket(fd=8), return 0
[HttpServer::__doRequest] client(fd=8) is close
[HttpRequest::~HttpRequest] close socket(fd=8)
[HttpServer::__closeConnection] close connection(fd=8)
[HttpServer::__doRequest] something happen in socket(fd=5)
[HttpRequest::read] read from socket(fd=5), return 599
[HttpRequest::parseRequest] find CRLF of request line
[HttpRequest::__parseRequestLine] begin to parse request line
[HttpRequest::__setMethod] method is GET
[HttpRequest::parseRequest] parsing request line finish
[HttpRequest::parseRequest] find CRLF of request header
[HttpRequest::parseRequest] find : of request header
[HttpRequest::__addHeader] new header: Host = 192.168.1.107:8888
[HttpRequest::parseRequest] find CRLF of request header
[HttpRequest::parseRequest] find : of request header
[HttpRequest::__addHeader] new header: Connection = keep-alive
[HttpRequest::parseRequest] find CRLF of request header
[HttpRequest::parseRequest] find : of request header
[HttpRequest::__addHeader] new header: Upgrade-Insecure-Requests = 1
[HttpRequest::parseRequest] find CRLF of request header
[HttpRequest::parseRequest] find : of request header
[HttpRequest::__addHeader] new header: User-Agent = Mozilla/5.0 (Linux; U; Android 8.1.0; zh-CN; MI PLAY Build/O11019) AppleWebKit/537.36 (KHTML, like Gecko) Version/4.0 Chrome/57.0.2987.108 UCBrowser/12.2.9.1009 Mobile Safari/537.36
[HttpRequest::parseRequest] find CRLF of request header
[HttpRequest::parseRequest] find : of request header
[HttpRequest::__addHeader] new header: Accept = text/html,application/xhtml+xml,application/xml;q=0.9,image/webp,*/*;q=0.8
[HttpRequest::parseRequest] find CRLF of request header
[HttpRequest::parseRequest] find : of request header
[HttpRequest::__addHeader] new header: Accept-Encoding = gzip, deflate
[HttpRequest::parseRequest] find CRLF of request header
[HttpRequest::parseRequest] find : of request header
[HttpRequest::__addHeader] new header: Accept-Language = zh-CN,en-US;q=0.8
[HttpRequest::parseRequest] find CRLF of request header
[HttpRequest::parseRequest] find : of request header
[HttpRequest::__addHeader] new header: X-UCBrowser-UA = dv(MI PLAY);pr(UCBrowser/12.2.9.1009);ov(Android 8.1.0);ss(392*829);pi(1080*2280);bt(YZ);pm(1);bv(1);nm(0);im(0);sr(0);nt(2);
[HttpRequest::parseRequest] find CRLF of request header
[HttpRequest::parseRequest] can't find colon of request header, header parsing finish
[HttpServer::__doRequest] parsing is finish in socket(fd=5), send response to it
[HttpRequest::doErrorRequest] 256 bytes to write, return 256
[HttpServer::__doRequest] socket(fd=5) is keep alive, reset its parsing status
[HttpRequest::read] read from socket(fd=5), return -1
[HttpServer::__doRequest] EAGAIN happen in socket(fd=5)
[HttpServer::__doRequest] modify socket(fd=5) to epoll
[Epoll::mod] fd = 5
[HttpServer::__acceptConnection] new connection is comming
[Utils::setNonBlocking] set socket(fd=6) to nonblocking success and return 0
[HttpRequest::HttpRequest] fd = 6
[Epoll::add] fd = 6
[HttpServer::__acceptConnection] new connection is comming
[Utils::setNonBlocking] set socket(fd=7) to nonblocking success and return 0
[HttpRequest::HttpRequest] fd = 7
[Epoll::add] fd = 7
[HttpServer::__acceptConnection] new connection is comming
[Utils::setNonBlocking] set socket(fd=8) to nonblocking success and return 0
[HttpRequest::HttpRequest] fd = 8
[Epoll::add] fd = 8
[HttpServer::__acceptConnection] there is not more new connection
[HttpServer::__doRequest] something happen in socket(fd=5)
[HttpRequest::read] read from socket(fd=5), return 0
[HttpServer::__doRequest] client(fd=5) is close
[HttpRequest::~HttpRequest] close socket(fd=5)
[HttpServer::__closeConnection] close connection(fd=5)
[HttpServer::__doRequest] something happen in socket(fd=7)
[HttpRequest::read] read from socket(fd=7), return 0
[HttpServer::__doRequest] client(fd=7) is close
[HttpRequest::~HttpRequest] close socket(fd=7)
[HttpServer::__closeConnection] close connection(fd=7)
[HttpServer::__doRequest] something happen in socket(fd=8)
[HttpRequest::read] read from socket(fd=8), return 0
[HttpServer::__doRequest] client(fd=8) is close
[HttpRequest::~HttpRequest] close socket(fd=8)
[HttpServer::__closeConnection] close connection(fd=8)
[HttpServer::__doRequest] something happen in socket(fd=6)
[HttpRequest::read] read from socket(fd=6), return 0
[HttpServer::__doRequest] client(fd=6) is close
[HttpRequest::~HttpRequest] close socket(fd=6)
[HttpServer::__closeConnection] close connection(fd=6)
[HttpServer::__acceptConnection] new connection is comming
[Utils::setNonBlocking] set socket(fd=5) to nonblocking success and return 0
[HttpRequest::HttpRequest] fd = 5
[Epoll::add] fd = 5
[HttpServer::__acceptConnection] there is not more new connection
[HttpServer::__doRequest] something happen in socket(fd=5)
[HttpRequest::read] read from socket(fd=5), return 598
[HttpRequest::parseRequest] find CRLF of request line
[HttpRequest::__parseRequestLine] begin to parse request line
[HttpRequest::__setMethod] method is GET
[HttpRequest::parseRequest] parsing request line finish
[HttpRequest::parseRequest] find CRLF of request header
[HttpRequest::parseRequest] find : of request header
[HttpRequest::__addHeader] new header: Host = 192.168.1.107:8888
[HttpRequest::parseRequest] find CRLF of request header
[HttpRequest::parseRequest] find : of request header
[HttpRequest::__addHeader] new header: Connection = keep-alive
[HttpRequest::parseRequest] find CRLF of request header
[HttpRequest::parseRequest] find : of request header
[HttpRequest::__addHeader] new header: Upgrade-Insecure-Requests = 1
[HttpRequest::parseRequest] find CRLF of request header
[HttpRequest::parseRequest] find : of request header
[HttpRequest::__addHeader] new header: User-Agent = Mozilla/5.0 (Linux; U; Android 8.1.0; zh-CN; MI PLAY Build/O11019) AppleWebKit/537.36 (KHTML, like Gecko) Version/4.0 Chrome/57.0.2987.108 UCBrowser/12.2.9.1009 Mobile Safari/537.36
[HttpRequest::parseRequest] find CRLF of request header
[HttpRequest::parseRequest] find : of request header
[HttpRequest::__addHeader] new header: Accept = text/html,application/xhtml+xml,application/xml;q=0.9,image/webp,*/*;q=0.8
[HttpRequest::parseRequest] find CRLF of request header
[HttpRequest::parseRequest] find : of request header
[HttpRequest::__addHeader] new header: Accept-Encoding = gzip, deflate
[HttpRequest::parseRequest] find CRLF of request header
[HttpRequest::parseRequest] find : of request header
[HttpRequest::__addHeader] new header: Accept-Language = zh-CN,en-US;q=0.8
[HttpRequest::parseRequest] find CRLF of request header
[HttpRequest::parseRequest] find : of request header
[HttpRequest::__addHeader] new header: X-UCBrowser-UA = dv(MI PLAY);pr(UCBrowser/12.2.9.1009);ov(Android 8.1.0);ss(392*829);pi(1080*2280);bt(YZ);pm(1);bv(1);nm(0);im(0);sr(0);nt(2);
[HttpRequest::parseRequest] find CRLF of request header
[HttpRequest::parseRequest] can't find colon of request header, header parsing finish
[HttpServer::__doRequest] parsing is finish in socket(fd=5), send response to it
[HttpRequest::doStaticRequest] 8372020 bytes to write, return -1
[HttpServer::__doRequest] socket(fd=5) is keep alive, reset its parsing status
[HttpRequest::read] read from socket(fd=5), return -1
[HttpServer::__doRequest] EAGAIN happen in socket(fd=5)
[HttpServer::__doRequest] modify socket(fd=5) to epoll
[Epoll::mod] fd = 5
[HttpServer::__doRequest] something happen in socket(fd=5)
[HttpRequest::read] read from socket(fd=5), return 0
[HttpServer::__doRequest] client(fd=5) is close
[HttpRequest::~HttpRequest] close socket(fd=5)
[HttpServer::__closeConnection] close connection(fd=5)
